<?xml version="1.0" encoding="UTF-8"?>
<testng-results ignored="0" total="1" passed="1" failed="0" skipped="0">
  <reporter-output>
  </reporter-output>
  <suite started-at="2022-09-28T10:41:33 IST" name="Default suite" finished-at="2022-09-28T10:41:33 IST" duration-ms="84">
    <groups>
    </groups>
    <test started-at="2022-09-28T10:41:33 IST" name="Default test" finished-at="2022-09-28T10:41:33 IST" duration-ms="84">
      <class name="gitHubPackage.CreateName">
        <test-method signature="create()[pri:0, instance:gitHubPackage.CreateName@48e4374]" started-at="2022-09-28T10:41:33 IST" name="create" finished-at="2022-09-28T10:41:33 IST" duration-ms="21" status="PASS">
          <reporter-output>
          </reporter-output>
        </test-method> <!-- create -->
      </class> <!-- gitHubPackage.CreateName -->
    </test> <!-- Default test -->
  </suite> <!-- Default suite -->
</testng-results>
